00:51:27.601 [main] DEBUG testCases.TC_003_LoginTestDD - Capturing application debug
00:51:27.606 [main] INFO  testCases.TC_003_LoginTestDD - ***Starting TC_002_LoginTestDD***
00:51:27.606 [main] DEBUG testCases.TC_003_LoginTestDD - Capturing application debug
00:51:27.618 [main] INFO  testCases.TC_003_LoginTestDD - ***Starting TC_002_LoginTestDD***
00:51:27.619 [main] DEBUG testCases.TC_003_LoginTestDD - Capturing application debug
00:51:27.623 [main] INFO  testCases.TC_003_LoginTestDD - ***Starting TC_002_LoginTestDD***
00:51:27.623 [main] DEBUG testCases.TC_003_LoginTestDD - Capturing application debug
00:51:27.626 [main] INFO  testCases.TC_003_LoginTestDD - ***Starting TC_002_LoginTestDD***
00:51:27.626 [main] DEBUG testCases.TC_003_LoginTestDD - Capturing application debug
00:51:27.630 [main] INFO  testCases.TC_003_LoginTestDD - ***Starting TC_002_LoginTestDD***
00:51:27.630 [main] DEBUG testCases.TC_003_LoginTestDD - Capturing application debug
00:51:27.633 [main] INFO  testCases.TC_003_LoginTestDD - ***Starting TC_002_LoginTestDD***
00:51:27.633 [main] DEBUG testCases.TC_003_LoginTestDD - Capturing application debug
00:51:27.637 [main] INFO  testCases.TC_003_LoginTestDD - ***Starting TC_002_LoginTestDD***
00:51:27.637 [main] DEBUG testCases.TC_003_LoginTestDD - Capturing application debug
00:51:27.640 [main] INFO  testCases.TC_003_LoginTestDD - ***Starting TC_002_LoginTestDD***
00:51:27.640 [main] DEBUG testCases.TC_003_LoginTestDD - Capturing application debug
00:51:27.643 [main] INFO  testCases.TC_003_LoginTestDD - ***Starting TC_002_LoginTestDD***
00:51:27.643 [main] DEBUG testCases.TC_003_LoginTestDD - Capturing application debug
00:51:27.646 [main] INFO  testCases.TC_003_LoginTestDD - ***Starting TC_002_LoginTestDD***
00:51:27.646 [main] DEBUG testCases.TC_003_LoginTestDD - Capturing application debug
00:51:27.648 [main] INFO  testCases.TC_003_LoginTestDD - ***Starting TC_002_LoginTestDD***
00:51:27.648 [main] DEBUG testCases.TC_003_LoginTestDD - Capturing application debug
00:51:27.651 [main] INFO  testCases.TC_003_LoginTestDD - ***Starting TC_002_LoginTestDD***
00:51:27.651 [main] DEBUG testCases.TC_003_LoginTestDD - Capturing application debug
00:51:27.654 [main] INFO  testCases.TC_003_LoginTestDD - ***Starting TC_002_LoginTestDD***
00:51:27.654 [main] DEBUG testCases.TC_003_LoginTestDD - Capturing application debug
00:51:27.657 [main] INFO  testCases.TC_003_LoginTestDD - ***Starting TC_002_LoginTestDD***
00:51:27.657 [main] DEBUG testCases.TC_003_LoginTestDD - Capturing application debug
00:51:27.660 [main] INFO  testCases.TC_003_LoginTestDD - ***Starting TC_002_LoginTestDD***
00:51:27.660 [main] DEBUG testCases.TC_003_LoginTestDD - Capturing application debug
00:51:27.663 [main] INFO  testCases.TC_003_LoginTestDD - ***Starting TC_002_LoginTestDD***
00:51:27.663 [main] DEBUG testCases.TC_003_LoginTestDD - Capturing application debug
00:51:27.665 [main] INFO  testCases.TC_003_LoginTestDD - ***Starting TC_002_LoginTestDD***
00:51:27.665 [main] DEBUG testCases.TC_003_LoginTestDD - Capturing application debug
00:51:27.668 [main] INFO  testCases.TC_003_LoginTestDD - ***Starting TC_002_LoginTestDD***
00:51:27.668 [main] DEBUG testCases.TC_003_LoginTestDD - Capturing application debug
00:53:04.161 [main] INFO  testCases.TC_001_AccountRegistrationTest - ***** starting TC_001_AccountRegisttrationTest *******
00:53:04.163 [main] DEBUG testCases.TC_001_AccountRegistrationTest - application logs start..
00:53:04.180 [main] ERROR testCases.TC_001_AccountRegistrationTest - test failed
00:53:04.180 [main] DEBUG testCases.TC_001_AccountRegistrationTest - debug logs....
00:55:42.446 [main] INFO  testCases.TC_001_AccountRegistrationTest - ***** starting TC_001_AccountRegisttrationTest *******
00:55:42.448 [main] DEBUG testCases.TC_001_AccountRegistrationTest - application logs start..
00:55:42.467 [main] ERROR testCases.TC_001_AccountRegistrationTest - test failed
00:55:42.467 [main] DEBUG testCases.TC_001_AccountRegistrationTest - debug logs....
00:55:42.490 [main] INFO  testCases.TC_002_LoginTest - ***Starting TC_002_LoginTest***
00:55:42.491 [main] DEBUG testCases.TC_002_LoginTest - Capturing application debug
